2021-10-27 13:52:44:5244 [32minfo[39m: [32m12[39m
2021-10-27 13:52:44:5244 [32minfo[39m: [32mServer started at http://localhost:3001[39m
2021-10-27 13:53:37:5337 [32minfo[39m: [32m12[39m
2021-10-27 13:53:37:5337 [32minfo[39m: [32mServer started at http://localhost:3001[39m
2021-10-27 14:10:51:1051 [32minfo[39m: [32m12[39m
2021-10-27 14:10:51:1051 [32minfo[39m: [32mServer started at http://localhost:3001[39m
2021-10-27 14:11:32:1132 [32minfo[39m: [32m12[39m
2021-10-27 14:11:32:1132 [32minfo[39m: [32mServer started at http://localhost:3001[39m
2021-10-27 14:12:47:1247 [32minfo[39m: [32m12[39m
2021-10-27 14:12:47:1247 [32minfo[39m: [32mServer started at http://localhost:3001[39m
2021-10-27 14:14:50:1450 [32minfo[39m: [32m12[39m
2021-10-27 14:14:50:1450 [32minfo[39m: [32mServer started at http://localhost:3001[39m
2021-10-27 14:17:32:1732 [32minfo[39m: [32m5[39m
2021-10-27 14:17:32:1732 [32minfo[39m: [32mServer started at http://localhost:3001[39m
2021-10-27 14:18:09:189 [32minfo[39m: [32m5[39m
2021-10-27 14:18:09:189 [32minfo[39m: [32m5[39m
2021-10-27 14:18:09:189 [32minfo[39m: [32mServer started at http://localhost:3001[39m
2021-10-27 14:18:49:1849 [32minfo[39m: [32m5[39m
2021-10-27 14:18:49:1849 [32minfo[39m: [32m5[39m
2021-10-27 14:18:49:1849 [32minfo[39m: [32mServer started at http://localhost:3001[39m
2021-10-27 14:25:48:2548 [32minfo[39m: [32m5[39m
2021-10-27 14:25:48:2548 [32minfo[39m: [32m5[39m
2021-10-27 14:25:48:2548 [37mdebug[39m: [37m{ name: 'Adam', age: 5 }[39m
2021-10-27 14:25:48:2548 [32minfo[39m: [32mServer started at http://localhost:3001[39m
2021-10-27 14:26:33:2633 [32minfo[39m: [32m5[39m
2021-10-27 14:26:33:2633 [32minfo[39m: [32m5[39m
2021-10-27 14:26:33:2633 [37mdebug[39m: [37m{ name: 'Adam', age: 5 }[39m
2021-10-27 14:26:33:2633 [32minfo[39m: [32mServer started at http://localhost:3001[39m
2021-10-27 14:29:50:2950 [32minfo[39m: [32m5[39m
2021-10-27 14:29:50:2950 [32minfo[39m: [32m5[39m
2021-10-27 14:29:50:2950 [37mdebug[39m: [37m{ name: 'Adam', age: 5, gender: true }[39m
2021-10-27 14:29:50:2950 [32minfo[39m: [32mServer started at http://localhost:3001[39m
2021-10-27 14:31:30:3130 [32minfo[39m: [32m5[39m
2021-10-27 14:31:30:3130 [32minfo[39m: [32m5[39m
2021-10-27 14:31:30:3130 [37mdebug[39m: [37m{ name: 'Adam', age: 5, gender: true }[39m
2021-10-27 14:31:30:3130 [32minfo[39m: [32mServer started at http://localhost:3001[39m
2021-10-27 14:32:47:3247 [32minfo[39m: [32m5[39m
2021-10-27 14:32:47:3247 [32minfo[39m: [32m5[39m
2021-10-27 14:32:47:3247 [37mdebug[39m: [37m{ name: 'Adam', age: 5, gender: true }[39m
2021-10-27 14:32:47:3247 [37mdebug[39m: [37m{ name: 'Adam', age: 5 }[39m
2021-10-27 14:32:47:3247 [32minfo[39m: [32mServer started at http://localhost:3001[39m
2021-10-27 14:34:59:3459 [32minfo[39m: [32m5[39m
2021-10-27 14:34:59:3459 [32minfo[39m: [32m5[39m
2021-10-27 14:34:59:3459 [37mdebug[39m: [37m{ name: 'Adam', age: 5, gender: true }[39m
2021-10-27 14:34:59:3459 [37mdebug[39m: [37m{ name: 'Adam', age: 5, gender: false }[39m
2021-10-27 14:34:59:3459 [32minfo[39m: [32mServer started at http://localhost:3001[39m
2021-10-27 14:36:26:3626 [32minfo[39m: [32m5[39m
2021-10-27 14:36:26:3626 [32minfo[39m: [32m6[39m
2021-10-27 14:36:26:3626 [37mdebug[39m: [37m{ name: 'Adam', age: 5, gender: true }[39m
2021-10-27 14:36:26:3626 [37mdebug[39m: [37m{ name: 'Adam', age: 5, gender: false }[39m
2021-10-27 14:36:26:3626 [32minfo[39m: [32mServer started at http://localhost:3001[39m
2021-10-27 14:37:51:3751 [32minfo[39m: [32m5[39m
2021-10-27 14:37:51:3751 [32minfo[39m: [32m6[39m
2021-10-27 14:37:51:3751 [37mdebug[39m: [37m{ name: 'Adam', age: 5, gender: true }[39m
2021-10-27 14:37:51:3751 [37mdebug[39m: [37m{ name: 'Adam', age: 5, gender: false }[39m
2021-10-27 14:37:51:3751 [32minfo[39m: [32mServer started at http://localhost:3001[39m
2021-10-27 14:45:37:4537 [32minfo[39m: [32m5[39m
2021-10-27 14:45:37:4537 [32minfo[39m: [32m6[39m
2021-10-27 14:45:37:4537 [32minfo[39m: [32m4[39m
2021-10-27 14:45:37:4537 [37mdebug[39m: [37m{ name: 'Adam', age: 5, gender: true }[39m
2021-10-27 14:45:37:4537 [37mdebug[39m: [37m{ name: 'Adam', age: 5, gender: false }[39m
2021-10-27 14:45:37:4537 [32minfo[39m: [32mServer started at http://localhost:3001[39m
2021-10-27 14:48:40:4840 [37mdebug[39m: [37m5[39m
2021-10-27 14:48:40:4840 [37mdebug[39m: [37m6[39m
2021-10-27 14:48:40:4840 [37mdebug[39m: [37m4[39m
2021-10-27 14:48:40:4840 [37mdebug[39m: [37m{ name: 'Adam', age: 5, gender: true }[39m
2021-10-27 14:48:40:4840 [37mdebug[39m: [37m{ name: 'Adam', age: 5, gender: false }[39m
2021-10-27 14:48:40:4840 [32minfo[39m: [32mServer started at http://localhost:3001[39m
2021-10-27 14:49:11:4911 [37mdebug[39m: [37m5[39m
2021-10-27 14:49:11:4911 [37mdebug[39m: [37m6[39m
2021-10-27 14:49:11:4911 [37mdebug[39m: [37m4[39m
2021-10-27 14:49:11:4911 [37mdebug[39m: [37m{ name: 'Adam', age: 5, gender: true }[39m
2021-10-27 14:49:11:4911 [37mdebug[39m: [37m{ name: 'Adam', age: 5, gender: false }[39m
2021-10-27 14:49:11:4911 [33mwarn[39m: [33m[[39m
[33m  { name: 'Adam', age: 5, gender: false },[39m
[33m  { name: 'Bengt', age: 6, gender: true, height: 110 }[39m
[33m][39m
2021-10-27 14:49:11:4911 [32minfo[39m: [32mServer started at http://localhost:3001[39m
2021-10-27 14:51:37:5137 [37mdebug[39m: [37m5[39m
2021-10-27 14:51:37:5137 [37mdebug[39m: [37m6[39m
2021-10-27 14:51:37:5137 [37mdebug[39m: [37m4[39m
2021-10-27 14:51:37:5137 [37mdebug[39m: [37m{ name: 'Adam', age: 5, gender: true }[39m
2021-10-27 14:51:37:5137 [37mdebug[39m: [37m{ name: 'Adam', age: 5, gender: false }[39m
2021-10-27 14:51:37:5137 [33mwarn[39m: [33m[[39m
[33m  { name: 'Adam', age: 5, gender: false },[39m
[33m  { name: 'Bengt', age: 6, gender: true, height: 110 }[39m
[33m][39m
2021-10-27 14:51:37:5137 [33mwarn[39m: [33m{ name: 'Adam', age: 5, gender: false }[39m
2021-10-27 14:51:37:5137 [33mwarn[39m: [33mAdam[39m
2021-10-27 14:51:37:5137 [32minfo[39m: [32mServer started at http://localhost:3001[39m
